build/app/outputs/mapping/release/mapping.txt
# compiler: R8
# compiler_version: 1.5.64
# min_api: 19
# pg_map_id: 3afdb59
...
io.flutter.embedding.engine.plugins.FlutterPlugin -> io.flutter.embedding.engine.d.a:
io.flutter.embedding.engine.renderer.FlutterRenderer -> io.flutter.embedding.engine.e.a:
    io.flutter.embedding.engine.FlutterJNI flutterJNI -> a
    java.util.concurrent.atomic.AtomicLong nextTextureId -> b
    io.flutter.embedding.engine.renderer.FlutterUiDisplayListener flutterUiDisplayListener -> d
    boolean isDisplayingFlutterUi -> c
    boolean access$002(io.flutter.embedding.engine.renderer.FlutterRenderer,boolean) -> a
    void access$300(io.flutter.embedding.engine.renderer.FlutterRenderer,long) -> a
    io.flutter.view.TextureRegistry$SurfaceTextureEntry createSurfaceTexture() -> a
    void dispatchPointerDataPacket(java.nio.ByteBuffer,int) -> a
    void markTextureFrameAvailable(long) -> a
    void registerTexture(long,android.graphics.SurfaceTexture) -> a
    void access$400(io.flutter.embedding.engine.renderer.FlutterRenderer,long) -> b
    void unregisterTexture(long) -> b
io.flutter.embedding.engine.renderer.FlutterRenderer$1 -> io.flutter.embedding.engine.e.a$a:
    io.flutter.embedding.engine.renderer.FlutterRenderer this$0 -> a
    void onFlutterUiDisplayed() -> a
    void onFlutterUiNoLongerDisplayed() -> b
io.flutter.embedding.engine.renderer.FlutterRenderer$SurfaceTextureRegistryEntry -> io.flutter.embedding.engine.e.a$b:
    io.flutter.embedding.engine.renderer.FlutterRenderer this$0 -> e
    android.graphics.SurfaceTexture surfaceTexture -> b
    android.graphics.SurfaceTexture$OnFrameAvailableListener onFrameListener -> d
    long id -> a
    boolean released -> c
    boolean access$100(io.flutter.embedding.engine.renderer.FlutterRenderer$SurfaceTextureRegistryEntry) -> a
    void release() -> a
    long access$200(io.flutter.embedding.engine.renderer.FlutterRenderer$SurfaceTextureRegistryEntry) -> b
    long id() -> b
    android.graphics.SurfaceTexture surfaceTexture() -> c
io.flutter.embedding.engine.renderer.FlutterRenderer$SurfaceTextureRegistryEntry$1 -> io.flutter.embedding.engine.e.a$b$a:
    io.flutter.embedding.engine.renderer.FlutterRenderer$SurfaceTextureRegistryEntry this$1 -> a
io.flutter.embedding.engine.renderer.FlutterUiDisplayListener -> io.flutter.embedding.engine.e.b:
    void onFlutterUiDisplayed() -> a
    void onFlutterUiNoLongerDisplayed() -> b
io.flutter.embedding.engine.systemchannels.AccessibilityChannel -> io.flutter.embedding.engine.f.a:
    io.flutter.embedding.engine.FlutterJNI flutterJNI -> b
    io.flutter.embedding.engine.systemchannels.AccessibilityChannel$AccessibilityMessageHandler handler -> c
    io.flutter.plugin.common.BasicMessageChannel$MessageHandler parsingMessageHandler -> d
    io.flutter.plugin.common.BasicMessageChannel channel -> a
    io.flutter.embedding.engine.systemchannels.AccessibilityChannel$AccessibilityMessageHandler access$000(io.flutter.embedding.engine.systemchannels.AccessibilityChannel) -> a
    void dispatchSemanticsAction(int,io.flutter.view.AccessibilityBridge$Action) -> a
    void dispatchSemanticsAction(int,io.flutter.view.AccessibilityBridge$Action,java.lang.Object) -> a
    void onAndroidAccessibilityDisabled() -> a
    void setAccessibilityFeatures(int) -> a
    void setAccessibilityMessageHandler(io.flutter.embedding.engine.systemchannels.AccessibilityChannel$AccessibilityMessageHandler) -> a
    void onAndroidAccessibilityEnabled() -> b
io.flutter.embedding.engine.systemchannels.AccessibilityChannel$1 -> io.flutter.embedding.engine.f.a$a:
    io.flutter.embedding.engine.systemchannels.AccessibilityChannel this$0 -> a
    void onMessage(java.lang.Object,io.flutter.plugin.common.BasicMessageChannel$Reply) -> a
io.flutter.embedding.engine.systemchannels.AccessibilityChannel$AccessibilityMessageHandler -> io.flutter.embedding.engine.f.a$b:
    void onTap(int) -> a
    void onTooltip(java.lang.String) -> a
    void announce(java.lang.String) -> b
    void onLongPress(int) -> b